Running from: /usr/share/jenkins/jenkins.war
webroot: EnvVars.masterEnvVars.get("JENKINS_HOME")
2019-06-05 19:30:44.857+0000 [id=1]	INFO	org.eclipse.jetty.util.log.Log#initialized: Logging initialized @486ms to org.eclipse.jetty.util.log.JavaUtilLog
2019-06-05 19:30:44.987+0000 [id=1]	INFO	winstone.Logger#logInternal: Beginning extraction from war file
2019-06-05 19:30:45.023+0000 [id=1]	WARNING	o.e.j.s.handler.ContextHandler#setContextPath: Empty contextPath
2019-06-05 19:30:45.081+0000 [id=1]	INFO	org.eclipse.jetty.server.Server#doStart: jetty-9.4.z-SNAPSHOT; built: 2019-05-02T00:04:53.875Z; git: e1bc35120a6617ee3df052294e433f3a25ce7097; jvm 1.8.0_212-b04
2019-06-05 19:30:45.380+0000 [id=1]	INFO	o.e.j.w.StandardDescriptorProcessor#visitServlet: NO JSP Support for /, did not find org.eclipse.jetty.jsp.JettyJspServlet
2019-06-05 19:30:45.430+0000 [id=1]	INFO	o.e.j.s.s.DefaultSessionIdManager#doStart: DefaultSessionIdManager workerName=node0
2019-06-05 19:30:45.430+0000 [id=1]	INFO	o.e.j.s.s.DefaultSessionIdManager#doStart: No SessionScavenger set, using defaults
2019-06-05 19:30:45.434+0000 [id=1]	INFO	o.e.j.server.session.HouseKeeper#startScavenging: node0 Scavenging every 600000ms
Jenkins home directory: /var/jenkins_home found at: EnvVars.masterEnvVars.get("JENKINS_HOME")
2019-06-05 19:30:45.978+0000 [id=1]	INFO	o.e.j.s.handler.ContextHandler#doStart: Started w.@1b66c0fb{Jenkins v2.179,/,file:///var/jenkins_home/war/,AVAILABLE}{/var/jenkins_home/war}
2019-06-05 19:30:46.003+0000 [id=1]	INFO	o.e.j.server.AbstractConnector#doStart: Started ServerConnector@380fb434{HTTP/1.1,[http/1.1]}{0.0.0.0:8080}
2019-06-05 19:30:46.004+0000 [id=1]	INFO	org.eclipse.jetty.server.Server#doStart: Started @1634ms
2019-06-05 19:30:46.004+0000 [id=22]	INFO	winstone.Logger#logInternal: Winstone Servlet Engine v4.0 running: controlPort=disabled
2019-06-05 19:30:47.907+0000 [id=28]	INFO	jenkins.InitReactorRunner$1#onAttained: Started initialization
2019-06-05 19:30:48.420+0000 [id=39]	INFO	jenkins.InitReactorRunner$1#onAttained: Listed all plugins
2019-06-05 19:30:53.872+0000 [id=37]	INFO	jenkins.InitReactorRunner$1#onAttained: Prepared all plugins
2019-06-05 19:30:53.881+0000 [id=42]	INFO	jenkins.InitReactorRunner$1#onAttained: Started all plugins
2019-06-05 19:30:55.020+0000 [id=31]	INFO	h.ExtensionFinder$GuiceFinder$FaultTolerantScope$1#error: Failed to instantiate optional component hudson.plugins.build_timeout.operations.AbortAndRestartOperation$DescriptorImpl; skipping
2019-06-05 19:30:55.119+0000 [id=41]	INFO	jenkins.InitReactorRunner$1#onAttained: Augmented all extensions
2019-06-05 19:30:55.299+0000 [id=32]	INFO	jenkins.InitReactorRunner$1#onAttained: Loaded all jobs
2019-06-05 19:30:55.325+0000 [id=58]	INFO	hudson.model.AsyncPeriodicWork$1#run: Started Download metadata
2019-06-05 19:30:55.357+0000 [id=58]	INFO	hudson.model.AsyncPeriodicWork$1#run: Finished Download metadata. 29 ms
2019-06-05 19:30:55.707+0000 [id=32]	INFO	o.s.c.s.AbstractApplicationContext#prepareRefresh: Refreshing org.springframework.web.context.support.StaticWebApplicationContext@447176f8: display name [Root WebApplicationContext]; startup date [Wed Jun 05 19:30:55 UTC 2019]; root of context hierarchy
2019-06-05 19:30:55.707+0000 [id=32]	INFO	o.s.c.s.AbstractApplicationContext#obtainFreshBeanFactory: Bean factory for application context [org.springframework.web.context.support.StaticWebApplicationContext@447176f8]: org.springframework.beans.factory.support.DefaultListableBeanFactory@73ffc61d
2019-06-05 19:30:55.719+0000 [id=32]	INFO	o.s.b.f.s.DefaultListableBeanFactory#preInstantiateSingletons: Pre-instantiating singletons in org.springframework.beans.factory.support.DefaultListableBeanFactory@73ffc61d: defining beans [authenticationManager]; root of factory hierarchy
2019-06-05 19:30:55.901+0000 [id=32]	INFO	o.s.c.s.AbstractApplicationContext#prepareRefresh: Refreshing org.springframework.web.context.support.StaticWebApplicationContext@42f0312: display name [Root WebApplicationContext]; startup date [Wed Jun 05 19:30:55 UTC 2019]; root of context hierarchy
2019-06-05 19:30:55.901+0000 [id=32]	INFO	o.s.c.s.AbstractApplicationContext#obtainFreshBeanFactory: Bean factory for application context [org.springframework.web.context.support.StaticWebApplicationContext@42f0312]: org.springframework.beans.factory.support.DefaultListableBeanFactory@61f1b3f5
2019-06-05 19:30:55.902+0000 [id=32]	INFO	o.s.b.f.s.DefaultListableBeanFactory#preInstantiateSingletons: Pre-instantiating singletons in org.springframework.beans.factory.support.DefaultListableBeanFactory@61f1b3f5: defining beans [filter,legacy]; root of factory hierarchy
2019-06-05 19:30:55.967+0000 [id=32]	INFO	jenkins.InitReactorRunner$1#onAttained: Completed initialization
2019-06-05 19:30:56.081+0000 [id=21]	INFO	hudson.WebAppMain$3#run: Jenkins is fully up and running
2019-06-05 19:31:14.085+0000 [id=16]	INFO	o.k.s.LocaleDrivenResourceProvider#getLocaleDrivenResourceProviders: Registered LocaleDrivenResourceProvider: jenkins.MetaLocaleDrivenResourceProvider@5cda1b3
2019-06-05 19:36:53.488+0000 [id=54]	INFO	hudson.model.Run#execute: Test case 2.x/Trigger #3 main build action completed: SUCCESS
2019-06-05 19:37:29.433+0000 [id=53]	INFO	hudson.model.Run#execute: Test case 2.x/Test Job B - Test case 1a #2 main build action completed: SUCCESS
2019-06-05 19:38:09.181+0000 [id=94]	INFO	hudson.model.Run#execute: Test case 2.x/Test Job A - Test case 1a #2 main build action completed: SUCCESS
2019-06-05 19:52:36.440+0000 [id=188]	INFO	hudson.model.Run#execute: Test case 2.x/Trigger #4 main build action completed: SUCCESS
2019-06-05 19:53:10.186+0000 [id=180]	INFO	hudson.model.Run#execute: Test case 2.x/Test Job B - Test case 1b #2 main build action completed: SUCCESS
2019-06-05 19:53:50.210+0000 [id=202]	INFO	hudson.model.Run#execute: Test case 2.x/Test Job A - Test case 1b #2 main build action completed: SUCCESS
2019-06-05 19:58:26.453+0000 [id=294]	INFO	hudson.model.Run#execute: Test case 3.x/Trigger #72 main build action completed: SUCCESS
2019-06-05 19:59:00.234+0000 [id=286]	INFO	hudson.model.Run#execute: Test case 3.x/Test Job B - Test case 3a #2 main build action completed: SUCCESS
2019-06-05 19:59:39.978+0000 [id=309]	INFO	hudson.model.Run#execute: Test case 3.x/Test Job A - Test case 3a #2 main build action completed: SUCCESS
2019-06-05 20:03:38.171+0000 [id=424]	INFO	hudson.model.Run#execute: Test case 3.x/Trigger #73 main build action completed: SUCCESS
2019-06-05 20:04:10.266+0000 [id=441]	INFO	hudson.model.Run#execute: Test case 3.x/Test Job B - Test case 3b #70 main build action completed: SUCCESS
2019-06-05 20:04:50.602+0000 [id=404]	INFO	hudson.model.Run#execute: Test case 3.x/Test Job A - Test case 3b #70 main build action completed: SUCCESS
2019-06-05 20:14:00.345+0000 [id=542]	INFO	hudson.model.Run#execute: Test case 3.x/Trigger #74 main build action completed: SUCCESS
2019-06-05 20:14:31.263+0000 [id=562]	INFO	hudson.model.Run#execute: Test case 3.x/Test Job B - Test case 3b #71 main build action completed: SUCCESS
2019-06-05 20:15:11.819+0000 [id=576]	INFO	hudson.model.Run#execute: Test case 3.x/Test Job A - Test case 3b #71 main build action completed: SUCCESS
2019-06-05 20:17:00.337+0000 [id=703]	INFO	hudson.model.Run#execute: Test case 3.x/Trigger #75 main build action completed: SUCCESS
2019-06-05 20:17:33.507+0000 [id=683]	INFO	hudson.model.Run#execute: Test case 3.x/Test Job B - Test case 3b #72 main build action completed: SUCCESS
2019-06-05 20:18:12.313+0000 [id=711]	INFO	hudson.model.Run#execute: Test case 3.x/Test Job A - Test case 3b #72 main build action completed: SUCCESS
2019-06-05 20:20:00.346+0000 [id=838]	INFO	hudson.model.Run#execute: Test case 3.x/Trigger #76 main build action completed: SUCCESS
2019-06-05 20:20:33.558+0000 [id=818]	INFO	hudson.model.Run#execute: Test case 3.x/Test Job B - Test case 3b #73 main build action completed: SUCCESS
2019-06-05 20:21:14.300+0000 [id=847]	INFO	hudson.model.Run#execute: Test case 3.x/Test Job A - Test case 3b #73 main build action completed: SUCCESS
2019-06-05 20:23:00.338+0000 [id=975]	INFO	hudson.model.Run#execute: Test case 3.x/Trigger #77 main build action completed: SUCCESS
2019-06-05 20:23:30.916+0000 [id=955]	INFO	hudson.model.Run#execute: Test case 3.x/Test Job B - Test case 3b #74 main build action completed: SUCCESS
2019-06-05 20:24:11.389+0000 [id=984]	INFO	hudson.model.Run#execute: Test case 3.x/Test Job A - Test case 3b #74 main build action completed: SUCCESS
2019-06-05 20:26:00.333+0000 [id=1091]	INFO	hudson.model.Run#execute: Test case 3.x/Trigger #78 main build action completed: SUCCESS
2019-06-05 20:26:31.283+0000 [id=1111]	INFO	hudson.model.Run#execute: Test case 3.x/Test Job B - Test case 3b #75 main build action completed: SUCCESS
2019-06-05 20:27:11.707+0000 [id=1121]	INFO	hudson.model.Run#execute: Test case 3.x/Test Job A - Test case 3b #75 main build action completed: SUCCESS
2019-06-05 20:29:00.343+0000 [id=1228]	INFO	hudson.model.Run#execute: Test case 3.x/Trigger #79 main build action completed: SUCCESS
2019-06-05 20:29:31.791+0000 [id=1256]	INFO	hudson.model.Run#execute: Test case 3.x/Test Job B - Test case 3b #76 main build action completed: SUCCESS
2019-06-05 20:30:11.699+0000 [id=1248]	INFO	hudson.model.Run#execute: Test case 3.x/Test Job A - Test case 3b #76 main build action completed: SUCCESS
2019-06-05 20:32:00.342+0000 [id=1363]	INFO	hudson.model.Run#execute: Test case 3.x/Trigger #80 main build action completed: SUCCESS
2019-06-05 20:32:32.330+0000 [id=1383]	INFO	hudson.model.Run#execute: Test case 3.x/Test Job B - Test case 3b #77 main build action completed: SUCCESS
2019-06-05 20:33:11.994+0000 [id=1398]	INFO	hudson.model.Run#execute: Test case 3.x/Test Job A - Test case 3b #77 main build action completed: SUCCESS
2019-06-05 20:35:00.340+0000 [id=1525]	INFO	hudson.model.Run#execute: Test case 3.x/Trigger #81 main build action completed: SUCCESS
2019-06-05 20:35:31.965+0000 [id=1533]	INFO	hudson.model.Run#execute: Test case 3.x/Test Job B - Test case 3b #78 main build action completed: SUCCESS
2019-06-05 20:36:13.113+0000 [id=1505]	INFO	hudson.model.Run#execute: Test case 3.x/Test Job A - Test case 3b #78 main build action completed: SUCCESS
2019-06-05 20:38:00.345+0000 [id=1660]	INFO	hudson.model.Run#execute: Test case 3.x/Trigger #82 main build action completed: SUCCESS
2019-06-05 20:38:32.988+0000 [id=1668]	INFO	hudson.model.Run#execute: Test case 3.x/Test Job B - Test case 3b #79 main build action completed: SUCCESS
2019-06-05 20:39:11.771+0000 [id=1640]	INFO	hudson.model.Run#execute: Test case 3.x/Test Job A - Test case 3b #79 main build action completed: SUCCESS
2019-06-05 20:41:00.343+0000 [id=1775]	INFO	hudson.model.Run#execute: Test case 3.x/Trigger #83 main build action completed: SUCCESS
2019-06-05 20:41:31.441+0000 [id=1795]	INFO	hudson.model.Run#execute: Test case 3.x/Test Job B - Test case 3b #80 main build action completed: SUCCESS
2019-06-05 20:42:13.441+0000 [id=1803]	INFO	hudson.model.Run#execute: Test case 3.x/Test Job A - Test case 3b #80 main build action completed: SUCCESS
2019-06-05 20:44:00.338+0000 [id=1910]	INFO	hudson.model.Run#execute: Test case 3.x/Trigger #84 main build action completed: SUCCESS
2019-06-05 20:44:32.923+0000 [id=1938]	INFO	hudson.model.Run#execute: Test case 3.x/Test Job B - Test case 3b #81 main build action completed: SUCCESS
2019-06-05 20:45:11.129+0000 [id=1930]	INFO	hudson.model.Run#execute: Test case 3.x/Test Job A - Test case 3b #81 main build action completed: SUCCESS
2019-06-05 20:47:00.333+0000 [id=2065]	INFO	hudson.model.Run#execute: Test case 3.x/Trigger #85 main build action completed: SUCCESS
2019-06-05 20:47:33.014+0000 [id=2045]	INFO	hudson.model.Run#execute: Test case 3.x/Test Job B - Test case 3b #82 main build action completed: SUCCESS
2019-06-05 20:48:11.399+0000 [id=2073]	INFO	hudson.model.Run#execute: Test case 3.x/Test Job A - Test case 3b #82 main build action completed: SUCCESS
2019-06-06 07:32:29.321+0000 [id=2205]	INFO	hudson.model.Run#execute: Test case 3.x/Trigger #86 main build action completed: SUCCESS
2019-06-06 07:33:00.189+0000 [id=2185]	INFO	hudson.model.Run#execute: Test case 3.x/Test Job B - Test case 3b #83 main build action completed: SUCCESS
2019-06-06 07:33:43.993+0000 [id=2240]	INFO	hudson.model.Run#execute: Test case 3.x/Test Job A - Test case 3b #83 main build action completed: SUCCESS
2019-06-06 07:35:29.235+0000 [id=2347]	INFO	hudson.model.Run#execute: Test case 3.x/Trigger #87 main build action completed: SUCCESS
2019-06-06 07:36:00.224+0000 [id=2375]	INFO	hudson.model.Run#execute: Test case 3.x/Test Job B - Test case 3b #84 main build action completed: SUCCESS
2019-06-06 07:36:39.896+0000 [id=2367]	INFO	hudson.model.Run#execute: Test case 3.x/Test Job A - Test case 3b #84 main build action completed: SUCCESS
2019-06-06 07:38:29.230+0000 [id=2482]	INFO	hudson.model.Run#execute: Test case 3.x/Trigger #88 main build action completed: SUCCESS
2019-06-06 07:39:00.209+0000 [id=2502]	INFO	hudson.model.Run#execute: Test case 3.x/Test Job B - Test case 3b #85 main build action completed: SUCCESS
2019-06-06 07:39:39.786+0000 [id=2517]	INFO	hudson.model.Run#execute: Test case 3.x/Test Job A - Test case 3b #85 main build action completed: SUCCESS
2019-06-06 07:41:29.232+0000 [id=2624]	INFO	hudson.model.Run#execute: Test case 3.x/Trigger #89 main build action completed: SUCCESS
2019-06-06 07:41:59.962+0000 [id=2644]	INFO	hudson.model.Run#execute: Test case 3.x/Test Job B - Test case 3b #86 main build action completed: SUCCESS
2019-06-06 07:42:39.996+0000 [id=2652]	INFO	hudson.model.Run#execute: Test case 3.x/Test Job A - Test case 3b #86 main build action completed: SUCCESS
2019-06-06 07:44:29.232+0000 [id=2779]	INFO	hudson.model.Run#execute: Test case 3.x/Trigger #90 main build action completed: SUCCESS
2019-06-06 07:45:00.336+0000 [id=2759]	INFO	hudson.model.Run#execute: Test case 3.x/Test Job B - Test case 3b #87 main build action completed: SUCCESS
2019-06-06 07:45:39.821+0000 [id=2787]	INFO	hudson.model.Run#execute: Test case 3.x/Test Job A - Test case 3b #87 main build action completed: SUCCESS
2019-06-06 07:47:29.237+0000 [id=2894]	INFO	hudson.model.Run#execute: Test case 3.x/Trigger #91 main build action completed: SUCCESS
2019-06-06 07:47:59.927+0000 [id=2914]	INFO	hudson.model.Run#execute: Test case 3.x/Test Job B - Test case 3b #88 main build action completed: SUCCESS
2019-06-06 07:48:40.243+0000 [id=2922]	INFO	hudson.model.Run#execute: Test case 3.x/Test Job A - Test case 3b #88 main build action completed: SUCCESS
2019-06-06 07:50:29.226+0000 [id=3029]	INFO	hudson.model.Run#execute: Test case 3.x/Trigger #92 main build action completed: SUCCESS
2019-06-06 07:51:00.079+0000 [id=3057]	INFO	hudson.model.Run#execute: Test case 3.x/Test Job B - Test case 3b #89 main build action completed: SUCCESS
2019-06-06 07:51:00.133+0000 [id=3152]	INFO	hudson.model.AsyncPeriodicWork$1#run: Started telemetry collection
2019-06-06 07:51:11.011+0000 [id=3152]	INFO	hudson.model.AsyncPeriodicWork$1#run: Finished telemetry collection. 10,878 ms
2019-06-06 07:51:40.085+0000 [id=3049]	INFO	hudson.model.Run#execute: Test case 3.x/Test Job A - Test case 3b #89 main build action completed: SUCCESS
2019-06-06 07:53:29.235+0000 [id=3186]	INFO	hudson.model.Run#execute: Test case 3.x/Trigger #93 main build action completed: SUCCESS
2019-06-06 07:54:00.259+0000 [id=3166]	INFO	hudson.model.Run#execute: Test case 3.x/Test Job B - Test case 3b #90 main build action completed: SUCCESS
2019-06-06 07:54:40.142+0000 [id=3194]	INFO	hudson.model.Run#execute: Test case 3.x/Test Job A - Test case 3b #90 main build action completed: SUCCESS
2019-06-06 07:56:29.230+0000 [id=3301]	INFO	hudson.model.Run#execute: Test case 3.x/Trigger #94 main build action completed: SUCCESS
2019-06-06 07:57:00.249+0000 [id=3321]	INFO	hudson.model.Run#execute: Test case 3.x/Test Job B - Test case 3b #91 main build action completed: SUCCESS
2019-06-06 07:57:40.253+0000 [id=3330]	INFO	hudson.model.Run#execute: Test case 3.x/Test Job A - Test case 3b #91 main build action completed: SUCCESS
2019-06-06 07:59:29.226+0000 [id=3459]	INFO	hudson.model.Run#execute: Test case 3.x/Trigger #95 main build action completed: SUCCESS
2019-06-06 08:00:00.094+0000 [id=3438]	INFO	hudson.model.Run#execute: Test case 3.x/Test Job B - Test case 3b #92 main build action completed: SUCCESS
2019-06-06 08:00:40.134+0000 [id=3468]	INFO	hudson.model.Run#execute: Test case 3.x/Test Job A - Test case 3b #92 main build action completed: SUCCESS
2019-06-06 08:02:29.363+0000 [id=3597]	INFO	hudson.model.Run#execute: Test case 3.x/Trigger #96 main build action completed: SUCCESS
2019-06-06 08:03:00.070+0000 [id=3606]	INFO	hudson.model.Run#execute: Test case 3.x/Test Job B - Test case 3b #93 main build action completed: SUCCESS
2019-06-06 08:03:40.140+0000 [id=3576]	INFO	hudson.model.Run#execute: Test case 3.x/Test Job A - Test case 3b #93 main build action completed: SUCCESS
2019-06-06 08:05:29.242+0000 [id=3735]	INFO	hudson.model.Run#execute: Test case 3.x/Trigger #97 main build action completed: SUCCESS
2019-06-06 08:06:00.187+0000 [id=3744]	INFO	hudson.model.Run#execute: Test case 3.x/Test Job B - Test case 3b #94 main build action completed: SUCCESS
2019-06-06 08:06:40.003+0000 [id=3714]	INFO	hudson.model.Run#execute: Test case 3.x/Test Job A - Test case 3b #94 main build action completed: SUCCESS
2019-06-06 08:08:29.224+0000 [id=3852]	INFO	hudson.model.Run#execute: Test case 3.x/Trigger #98 main build action completed: SUCCESS
2019-06-06 08:09:00.042+0000 [id=3882]	INFO	hudson.model.Run#execute: Test case 3.x/Test Job B - Test case 3b #95 main build action completed: SUCCESS
2019-06-06 08:09:40.174+0000 [id=3873]	INFO	hudson.model.Run#execute: Test case 3.x/Test Job A - Test case 3b #95 main build action completed: SUCCESS
2019-06-06 08:11:29.234+0000 [id=3990]	INFO	hudson.model.Run#execute: Test case 3.x/Trigger #99 main build action completed: SUCCESS
2019-06-06 08:11:59.990+0000 [id=4020]	INFO	hudson.model.Run#execute: Test case 3.x/Test Job B - Test case 3b #96 main build action completed: SUCCESS
2019-06-06 08:12:40.245+0000 [id=4011]	INFO	hudson.model.Run#execute: Test case 3.x/Test Job A - Test case 3b #96 main build action completed: SUCCESS
2019-06-06 08:14:29.224+0000 [id=4149]	INFO	hudson.model.Run#execute: Test case 3.x/Trigger #100 main build action completed: SUCCESS
2019-06-06 08:15:00.456+0000 [id=4128]	INFO	hudson.model.Run#execute: Test case 3.x/Test Job B - Test case 3b #97 main build action completed: SUCCESS
2019-06-06 08:15:39.937+0000 [id=4158]	INFO	hudson.model.Run#execute: Test case 3.x/Test Job A - Test case 3b #97 main build action completed: SUCCESS
2019-06-06 08:17:29.227+0000 [id=4287]	INFO	hudson.model.Run#execute: Test case 3.x/Trigger #101 main build action completed: SUCCESS
2019-06-06 08:18:00.036+0000 [id=4296]	INFO	hudson.model.Run#execute: Test case 3.x/Test Job B - Test case 3b #98 main build action completed: SUCCESS
2019-06-06 08:18:40.138+0000 [id=4266]	INFO	hudson.model.Run#execute: Test case 3.x/Test Job A - Test case 3b #98 main build action completed: SUCCESS
2019-06-06 08:20:29.243+0000 [id=4425]	INFO	hudson.model.Run#execute: Test case 3.x/Trigger #102 main build action completed: SUCCESS
2019-06-06 08:21:00.171+0000 [id=4404]	INFO	hudson.model.Run#execute: Test case 3.x/Test Job B - Test case 3b #99 main build action completed: SUCCESS
2019-06-06 08:21:40.164+0000 [id=4434]	INFO	hudson.model.Run#execute: Test case 3.x/Test Job A - Test case 3b #99 main build action completed: SUCCESS
2019-06-06 08:23:29.229+0000 [id=4542]	INFO	hudson.model.Run#execute: Test case 3.x/Trigger #103 main build action completed: SUCCESS
2019-06-06 08:24:00.209+0000 [id=4563]	INFO	hudson.model.Run#execute: Test case 3.x/Test Job B - Test case 3b #100 main build action completed: SUCCESS
2019-06-06 08:24:40.228+0000 [id=4572]	INFO	hudson.model.Run#execute: Test case 3.x/Test Job A - Test case 3b #100 main build action completed: SUCCESS
2019-06-06 08:26:29.234+0000 [id=4701]	INFO	hudson.model.Run#execute: Test case 3.x/Trigger #104 main build action completed: SUCCESS
2019-06-06 08:27:00.367+0000 [id=4680]	INFO	hudson.model.Run#execute: Test case 3.x/Test Job B - Test case 3b #101 main build action completed: SUCCESS
2019-06-06 08:27:40.029+0000 [id=4714]	INFO	hudson.model.Run#execute: Test case 3.x/Test Job A - Test case 3b #101 main build action completed: SUCCESS
2019-06-06 08:29:29.234+0000 [id=4821]	INFO	hudson.model.Run#execute: Test case 3.x/Trigger #105 main build action completed: SUCCESS
2019-06-06 08:30:00.031+0000 [id=4841]	INFO	hudson.model.Run#execute: Test case 3.x/Test Job B - Test case 3b #102 main build action completed: SUCCESS
2019-06-06 08:30:40.343+0000 [id=4849]	INFO	hudson.model.Run#execute: Test case 3.x/Test Job A - Test case 3b #102 main build action completed: SUCCESS
2019-06-06 08:32:29.232+0000 [id=4956]	INFO	hudson.model.Run#execute: Test case 3.x/Trigger #106 main build action completed: SUCCESS
2019-06-06 08:33:00.398+0000 [id=4976]	INFO	hudson.model.Run#execute: Test case 3.x/Test Job B - Test case 3b #103 main build action completed: SUCCESS
2019-06-06 08:33:40.019+0000 [id=4984]	INFO	hudson.model.Run#execute: Test case 3.x/Test Job A - Test case 3b #103 main build action completed: SUCCESS
2019-06-06 08:35:29.241+0000 [id=5091]	INFO	hudson.model.Run#execute: Test case 3.x/Trigger #107 main build action completed: SUCCESS
2019-06-06 08:36:00.130+0000 [id=5119]	INFO	hudson.model.Run#execute: Test case 3.x/Test Job B - Test case 3b #104 main build action completed: SUCCESS
2019-06-06 08:36:40.260+0000 [id=5111]	INFO	hudson.model.Run#execute: Test case 3.x/Test Job A - Test case 3b #104 main build action completed: SUCCESS
2019-06-06 08:38:29.247+0000 [id=5246]	INFO	hudson.model.Run#execute: Test case 3.x/Trigger #108 main build action completed: SUCCESS
2019-06-06 08:39:00.190+0000 [id=5226]	INFO	hudson.model.Run#execute: Test case 3.x/Test Job B - Test case 3b #105 main build action completed: SUCCESS
2019-06-06 08:39:40.157+0000 [id=5261]	INFO	hudson.model.Run#execute: Test case 3.x/Test Job A - Test case 3b #105 main build action completed: SUCCESS
2019-06-06 08:41:29.224+0000 [id=5388]	INFO	hudson.model.Run#execute: Test case 3.x/Trigger #109 main build action completed: SUCCESS
2019-06-06 08:42:00.300+0000 [id=5368]	INFO	hudson.model.Run#execute: Test case 3.x/Test Job B - Test case 3b #106 main build action completed: SUCCESS
2019-06-06 08:42:40.293+0000 [id=5396]	INFO	hudson.model.Run#execute: Test case 3.x/Test Job A - Test case 3b #106 main build action completed: SUCCESS
2019-06-06 08:44:29.236+0000 [id=5503]	INFO	hudson.model.Run#execute: Test case 3.x/Trigger #110 main build action completed: SUCCESS
2019-06-06 08:45:00.236+0000 [id=5523]	INFO	hudson.model.Run#execute: Test case 3.x/Test Job B - Test case 3b #107 main build action completed: SUCCESS
2019-06-06 08:45:40.238+0000 [id=5531]	INFO	hudson.model.Run#execute: Test case 3.x/Test Job A - Test case 3b #107 main build action completed: SUCCESS
2019-06-06 08:47:29.233+0000 [id=5658]	INFO	hudson.model.Run#execute: Test case 3.x/Trigger #111 main build action completed: SUCCESS
2019-06-06 08:48:00.046+0000 [id=5638]	INFO	hudson.model.Run#execute: Test case 3.x/Test Job B - Test case 3b #108 main build action completed: SUCCESS
2019-06-06 08:48:40.336+0000 [id=5666]	INFO	hudson.model.Run#execute: Test case 3.x/Test Job A - Test case 3b #108 main build action completed: SUCCESS
2019-06-06 08:50:29.232+0000 [id=5773]	INFO	hudson.model.Run#execute: Test case 3.x/Trigger #112 main build action completed: SUCCESS
2019-06-06 08:51:00.311+0000 [id=5793]	INFO	hudson.model.Run#execute: Test case 3.x/Test Job B - Test case 3b #109 main build action completed: SUCCESS
2019-06-06 08:51:40.310+0000 [id=5801]	INFO	hudson.model.Run#execute: Test case 3.x/Test Job A - Test case 3b #109 main build action completed: SUCCESS
2019-06-06 08:53:29.234+0000 [id=5908]	INFO	hudson.model.Run#execute: Test case 3.x/Trigger #113 main build action completed: SUCCESS
2019-06-06 08:54:00.226+0000 [id=5928]	INFO	hudson.model.Run#execute: Test case 3.x/Test Job B - Test case 3b #110 main build action completed: SUCCESS
2019-06-06 08:54:40.346+0000 [id=5936]	INFO	hudson.model.Run#execute: Test case 3.x/Test Job A - Test case 3b #110 main build action completed: SUCCESS
2019-06-06 08:56:29.232+0000 [id=6063]	INFO	hudson.model.Run#execute: Test case 3.x/Trigger #114 main build action completed: SUCCESS
2019-06-06 08:57:00.289+0000 [id=6043]	INFO	hudson.model.Run#execute: Test case 3.x/Test Job B - Test case 3b #111 main build action completed: SUCCESS
2019-06-06 08:57:40.273+0000 [id=6071]	INFO	hudson.model.Run#execute: Test case 3.x/Test Job A - Test case 3b #111 main build action completed: SUCCESS
2019-06-06 08:59:29.236+0000 [id=6198]	INFO	hudson.model.Run#execute: Test case 3.x/Trigger #115 main build action completed: SUCCESS
2019-06-06 09:00:00.498+0000 [id=6178]	INFO	hudson.model.Run#execute: Test case 3.x/Test Job B - Test case 3b #112 main build action completed: SUCCESS
2019-06-06 09:00:40.213+0000 [id=6206]	INFO	hudson.model.Run#execute: Test case 3.x/Test Job A - Test case 3b #112 main build action completed: SUCCESS
2019-06-06 09:02:29.238+0000 [id=6333]	INFO	hudson.model.Run#execute: Test case 3.x/Trigger #116 main build action completed: SUCCESS
2019-06-06 09:03:00.287+0000 [id=6313]	INFO	hudson.model.Run#execute: Test case 3.x/Test Job B - Test case 3b #113 main build action completed: SUCCESS
2019-06-06 09:03:40.538+0000 [id=6341]	INFO	hudson.model.Run#execute: Test case 3.x/Test Job A - Test case 3b #113 main build action completed: SUCCESS
2019-06-06 09:05:29.234+0000 [id=6448]	INFO	hudson.model.Run#execute: Test case 3.x/Trigger #117 main build action completed: SUCCESS
2019-06-06 09:06:00.298+0000 [id=6468]	INFO	hudson.model.Run#execute: Test case 3.x/Test Job B - Test case 3b #114 main build action completed: SUCCESS
2019-06-06 09:06:40.287+0000 [id=6476]	INFO	hudson.model.Run#execute: Test case 3.x/Test Job A - Test case 3b #114 main build action completed: SUCCESS
2019-06-06 09:08:29.230+0000 [id=6603]	INFO	hudson.model.Run#execute: Test case 3.x/Trigger #118 main build action completed: SUCCESS
2019-06-06 09:09:00.406+0000 [id=6583]	INFO	hudson.model.Run#execute: Test case 3.x/Test Job B - Test case 3b #115 main build action completed: SUCCESS
2019-06-06 09:09:40.406+0000 [id=6611]	INFO	hudson.model.Run#execute: Test case 3.x/Test Job A - Test case 3b #115 main build action completed: SUCCESS
2019-06-06 09:11:29.223+0000 [id=6738]	INFO	hudson.model.Run#execute: Test case 3.x/Trigger #119 main build action completed: SUCCESS
2019-06-06 09:12:00.201+0000 [id=6718]	INFO	hudson.model.Run#execute: Test case 3.x/Test Job B - Test case 3b #116 main build action completed: SUCCESS
2019-06-06 09:12:40.411+0000 [id=6745]	INFO	hudson.model.Run#execute: Test case 3.x/Test Job A - Test case 3b #116 main build action completed: SUCCESS
2019-06-06 09:14:29.236+0000 [id=6872]	INFO	hudson.model.Run#execute: Test case 3.x/Trigger #120 main build action completed: SUCCESS
2019-06-06 09:15:00.473+0000 [id=6852]	INFO	hudson.model.Run#execute: Test case 3.x/Test Job B - Test case 3b #117 main build action completed: SUCCESS
2019-06-06 09:15:40.441+0000 [id=6880]	INFO	hudson.model.Run#execute: Test case 3.x/Test Job A - Test case 3b #117 main build action completed: SUCCESS
2019-06-06 09:17:29.231+0000 [id=6987]	INFO	hudson.model.Run#execute: Test case 3.x/Trigger #121 main build action completed: SUCCESS
2019-06-06 09:18:00.418+0000 [id=7007]	INFO	hudson.model.Run#execute: Test case 3.x/Test Job B - Test case 3b #118 main build action completed: SUCCESS
2019-06-06 09:18:40.294+0000 [id=7015]	INFO	hudson.model.Run#execute: Test case 3.x/Test Job A - Test case 3b #118 main build action completed: SUCCESS
2019-06-06 09:20:29.236+0000 [id=7122]	INFO	hudson.model.Run#execute: Test case 3.x/Trigger #122 main build action completed: SUCCESS
2019-06-06 09:21:00.467+0000 [id=7142]	INFO	hudson.model.Run#execute: Test case 3.x/Test Job B - Test case 3b #119 main build action completed: SUCCESS
2019-06-06 09:21:40.247+0000 [id=7150]	INFO	hudson.model.Run#execute: Test case 3.x/Test Job A - Test case 3b #119 main build action completed: SUCCESS
2019-06-06 09:23:29.232+0000 [id=7257]	INFO	hudson.model.Run#execute: Test case 3.x/Trigger #123 main build action completed: SUCCESS
2019-06-06 09:24:00.385+0000 [id=7277]	INFO	hudson.model.Run#execute: Test case 3.x/Test Job B - Test case 3b #120 main build action completed: SUCCESS
2019-06-06 09:24:40.384+0000 [id=7285]	INFO	hudson.model.Run#execute: Test case 3.x/Test Job A - Test case 3b #120 main build action completed: SUCCESS
2019-06-06 09:26:29.231+0000 [id=7412]	INFO	hudson.model.Run#execute: Test case 3.x/Trigger #124 main build action completed: SUCCESS
2019-06-06 09:27:00.298+0000 [id=7392]	INFO	hudson.model.Run#execute: Test case 3.x/Test Job B - Test case 3b #121 main build action completed: SUCCESS
2019-06-06 09:27:40.545+0000 [id=7420]	INFO	hudson.model.Run#execute: Test case 3.x/Test Job A - Test case 3b #121 main build action completed: SUCCESS
2019-06-06 09:29:29.236+0000 [id=7547]	INFO	hudson.model.Run#execute: Test case 3.x/Trigger #125 main build action completed: SUCCESS
2019-06-06 09:30:00.346+0000 [id=7527]	INFO	hudson.model.Run#execute: Test case 3.x/Test Job B - Test case 3b #122 main build action completed: SUCCESS
2019-06-06 09:30:40.476+0000 [id=7555]	INFO	hudson.model.Run#execute: Test case 3.x/Test Job A - Test case 3b #122 main build action completed: SUCCESS
2019-06-06 09:32:29.240+0000 [id=7682]	INFO	hudson.model.Run#execute: Test case 3.x/Trigger #126 main build action completed: SUCCESS
2019-06-06 09:33:00.337+0000 [id=7690]	INFO	hudson.model.Run#execute: Test case 3.x/Test Job B - Test case 3b #123 main build action completed: SUCCESS
2019-06-06 09:33:40.387+0000 [id=7662]	INFO	hudson.model.Run#execute: Test case 3.x/Test Job A - Test case 3b #123 main build action completed: SUCCESS
2019-06-06 09:35:29.228+0000 [id=7797]	INFO	hudson.model.Run#execute: Test case 3.x/Trigger #127 main build action completed: SUCCESS
2019-06-06 09:36:00.574+0000 [id=7825]	INFO	hudson.model.Run#execute: Test case 3.x/Test Job B - Test case 3b #124 main build action completed: SUCCESS
2019-06-06 09:36:40.249+0000 [id=7817]	INFO	hudson.model.Run#execute: Test case 3.x/Test Job A - Test case 3b #124 main build action completed: SUCCESS
2019-06-06 09:38:29.231+0000 [id=7932]	INFO	hudson.model.Run#execute: Test case 3.x/Trigger #128 main build action completed: SUCCESS
2019-06-06 09:39:00.474+0000 [id=7967]	INFO	hudson.model.Run#execute: Test case 3.x/Test Job B - Test case 3b #125 main build action completed: SUCCESS
2019-06-06 09:39:40.511+0000 [id=7952]	INFO	hudson.model.Run#execute: Test case 3.x/Test Job A - Test case 3b #125 main build action completed: SUCCESS
2019-06-06 09:41:29.226+0000 [id=8094]	INFO	hudson.model.Run#execute: Test case 3.x/Trigger #129 main build action completed: SUCCESS
2019-06-06 09:42:00.519+0000 [id=8074]	INFO	hudson.model.Run#execute: Test case 3.x/Test Job B - Test case 3b #126 main build action completed: SUCCESS
2019-06-06 09:42:40.514+0000 [id=8102]	INFO	hudson.model.Run#execute: Test case 3.x/Test Job A - Test case 3b #126 main build action completed: SUCCESS
2019-06-06 09:44:29.232+0000 [id=8229]	INFO	hudson.model.Run#execute: Test case 3.x/Trigger #130 main build action completed: SUCCESS
2019-06-06 09:45:00.461+0000 [id=8209]	INFO	hudson.model.Run#execute: Test case 3.x/Test Job B - Test case 3b #127 main build action completed: SUCCESS
2019-06-06 09:45:40.495+0000 [id=8237]	INFO	hudson.model.Run#execute: Test case 3.x/Test Job A - Test case 3b #127 main build action completed: SUCCESS
2019-06-06 09:47:29.233+0000 [id=8364]	INFO	hudson.model.Run#execute: Test case 3.x/Trigger #131 main build action completed: SUCCESS
2019-06-06 09:48:00.601+0000 [id=8344]	INFO	hudson.model.Run#execute: Test case 3.x/Test Job B - Test case 3b #128 main build action completed: SUCCESS
2019-06-06 09:48:40.378+0000 [id=8408]	INFO	hudson.model.Run#execute: Test case 3.x/Test Job A - Test case 3b #128 main build action completed: SUCCESS
2019-06-06 09:50:29.227+0000 [id=8535]	INFO	hudson.model.Run#execute: Test case 3.x/Trigger #132 main build action completed: SUCCESS
2019-06-06 09:51:00.409+0000 [id=8543]	INFO	hudson.model.Run#execute: Test case 3.x/Test Job B - Test case 3b #129 main build action completed: SUCCESS
2019-06-06 09:51:40.696+0000 [id=8515]	INFO	hudson.model.Run#execute: Test case 3.x/Test Job A - Test case 3b #129 main build action completed: SUCCESS
2019-06-06 09:53:29.232+0000 [id=8670]	INFO	hudson.model.Run#execute: Test case 3.x/Trigger #133 main build action completed: SUCCESS
2019-06-06 09:54:00.498+0000 [id=8678]	INFO	hudson.model.Run#execute: Test case 3.x/Test Job B - Test case 3b #130 main build action completed: SUCCESS
2019-06-06 09:54:40.503+0000 [id=8650]	INFO	hudson.model.Run#execute: Test case 3.x/Test Job A - Test case 3b #130 main build action completed: SUCCESS
2019-06-06 09:56:29.233+0000 [id=8805]	INFO	hudson.model.Run#execute: Test case 3.x/Trigger #134 main build action completed: SUCCESS
2019-06-06 09:57:00.487+0000 [id=8785]	INFO	hudson.model.Run#execute: Test case 3.x/Test Job B - Test case 3b #131 main build action completed: SUCCESS
2019-06-06 09:57:40.510+0000 [id=8813]	INFO	hudson.model.Run#execute: Test case 3.x/Test Job A - Test case 3b #131 main build action completed: SUCCESS
2019-06-06 09:59:29.227+0000 [id=8920]	INFO	hudson.model.Run#execute: Test case 3.x/Trigger #135 main build action completed: SUCCESS
2019-06-06 10:00:00.623+0000 [id=8940]	INFO	hudson.model.Run#execute: Test case 3.x/Test Job B - Test case 3b #132 main build action completed: SUCCESS
2019-06-06 10:00:40.364+0000 [id=8948]	INFO	hudson.model.Run#execute: Test case 3.x/Test Job A - Test case 3b #132 main build action completed: SUCCESS
2019-06-06 10:02:29.222+0000 [id=9075]	INFO	hudson.model.Run#execute: Test case 3.x/Trigger #136 main build action completed: SUCCESS
2019-06-06 10:03:00.830+0000 [id=9055]	INFO	hudson.model.Run#execute: Test case 3.x/Test Job B - Test case 3b #133 main build action completed: SUCCESS
2019-06-06 10:03:40.458+0000 [id=9083]	INFO	hudson.model.Run#execute: Test case 3.x/Test Job A - Test case 3b #133 main build action completed: SUCCESS
2019-06-06 10:05:29.230+0000 [id=9210]	INFO	hudson.model.Run#execute: Test case 3.x/Trigger #137 main build action completed: SUCCESS
2019-06-06 10:06:00.329+0000 [id=9218]	INFO	hudson.model.Run#execute: Test case 3.x/Test Job B - Test case 3b #134 main build action completed: SUCCESS
2019-06-06 10:06:41.171+0000 [id=9190]	INFO	hudson.model.Run#execute: Test case 3.x/Test Job A - Test case 3b #134 main build action completed: SUCCESS
2019-06-06 10:08:29.238+0000 [id=9325]	INFO	hudson.model.Run#execute: Test case 3.x/Trigger #138 main build action completed: SUCCESS
2019-06-06 10:09:00.573+0000 [id=9345]	INFO	hudson.model.Run#execute: Test case 3.x/Test Job B - Test case 3b #135 main build action completed: SUCCESS
2019-06-06 10:09:40.567+0000 [id=9353]	INFO	hudson.model.Run#execute: Test case 3.x/Test Job A - Test case 3b #135 main build action completed: SUCCESS
2019-06-06 10:11:29.228+0000 [id=9460]	INFO	hudson.model.Run#execute: Test case 3.x/Trigger #139 main build action completed: SUCCESS
2019-06-06 10:12:00.670+0000 [id=9480]	INFO	hudson.model.Run#execute: Test case 3.x/Test Job B - Test case 3b #136 main build action completed: SUCCESS
2019-06-06 10:12:40.540+0000 [id=9488]	INFO	hudson.model.Run#execute: Test case 3.x/Test Job A - Test case 3b #136 main build action completed: SUCCESS
2019-06-06 10:14:29.234+0000 [id=9595]	INFO	hudson.model.Run#execute: Test case 3.x/Trigger #140 main build action completed: SUCCESS
2019-06-06 10:15:00.863+0000 [id=9615]	INFO	hudson.model.Run#execute: Test case 3.x/Test Job B - Test case 3b #137 main build action completed: SUCCESS
2019-06-06 10:15:40.393+0000 [id=9623]	INFO	hudson.model.Run#execute: Test case 3.x/Test Job A - Test case 3b #137 main build action completed: SUCCESS
2019-06-06 10:17:29.234+0000 [id=9750]	INFO	hudson.model.Run#execute: Test case 3.x/Trigger #141 main build action completed: SUCCESS
2019-06-06 10:18:00.566+0000 [id=9730]	INFO	hudson.model.Run#execute: Test case 3.x/Test Job B - Test case 3b #138 main build action completed: SUCCESS
2019-06-06 10:18:40.510+0000 [id=9758]	INFO	hudson.model.Run#execute: Test case 3.x/Test Job A - Test case 3b #138 main build action completed: SUCCESS
2019-06-06 10:20:29.233+0000 [id=9885]	INFO	hudson.model.Run#execute: Test case 3.x/Trigger #142 main build action completed: SUCCESS
2019-06-06 10:21:00.598+0000 [id=9865]	INFO	hudson.model.Run#execute: Test case 3.x/Test Job B - Test case 3b #139 main build action completed: SUCCESS
2019-06-06 10:21:40.588+0000 [id=9893]	INFO	hudson.model.Run#execute: Test case 3.x/Test Job A - Test case 3b #139 main build action completed: SUCCESS
2019-06-06 10:23:29.226+0000 [id=10020]	INFO	hudson.model.Run#execute: Test case 3.x/Trigger #143 main build action completed: SUCCESS
2019-06-06 10:24:00.538+0000 [id=10000]	INFO	hudson.model.Run#execute: Test case 3.x/Test Job B - Test case 3b #140 main build action completed: SUCCESS
2019-06-06 10:24:40.705+0000 [id=10030]	INFO	hudson.model.Run#execute: Test case 3.x/Test Job A - Test case 3b #140 main build action completed: SUCCESS
2019-06-06 10:26:29.234+0000 [id=10138]	INFO	hudson.model.Run#execute: Test case 3.x/Trigger #144 main build action completed: SUCCESS
2019-06-06 10:27:01.240+0000 [id=10168]	INFO	hudson.model.Run#execute: Test case 3.x/Test Job B - Test case 3b #141 main build action completed: SUCCESS
2019-06-06 10:27:40.361+0000 [id=10158]	INFO	hudson.model.Run#execute: Test case 3.x/Test Job A - Test case 3b #141 main build action completed: SUCCESS
2019-06-06 10:29:29.236+0000 [id=10296]	INFO	hudson.model.Run#execute: Test case 3.x/Trigger #145 main build action completed: SUCCESS
2019-06-06 10:30:00.501+0000 [id=10276]	INFO	hudson.model.Run#execute: Test case 3.x/Test Job B - Test case 3b #142 main build action completed: SUCCESS
2019-06-06 10:30:41.033+0000 [id=10306]	INFO	hudson.model.Run#execute: Test case 3.x/Test Job A - Test case 3b #142 main build action completed: SUCCESS
2019-06-06 10:32:29.235+0000 [id=10414]	INFO	hudson.model.Run#execute: Test case 3.x/Trigger #146 main build action completed: SUCCESS
2019-06-06 10:33:00.522+0000 [id=10444]	INFO	hudson.model.Run#execute: Test case 3.x/Test Job B - Test case 3b #143 main build action completed: SUCCESS
2019-06-06 10:33:40.961+0000 [id=10434]	INFO	hudson.model.Run#execute: Test case 3.x/Test Job A - Test case 3b #143 main build action completed: SUCCESS
2019-06-06 10:35:29.219+0000 [id=10552]	INFO	hudson.model.Run#execute: Test case 3.x/Trigger #147 main build action completed: SUCCESS
2019-06-06 10:36:00.652+0000 [id=10572]	INFO	hudson.model.Run#execute: Test case 3.x/Test Job B - Test case 3b #144 main build action completed: SUCCESS
2019-06-06 10:36:40.579+0000 [id=10582]	INFO	hudson.model.Run#execute: Test case 3.x/Test Job A - Test case 3b #144 main build action completed: SUCCESS
2019-06-06 10:38:29.225+0000 [id=10710]	INFO	hudson.model.Run#execute: Test case 3.x/Trigger #148 main build action completed: SUCCESS
2019-06-06 10:39:00.719+0000 [id=10690]	INFO	hudson.model.Run#execute: Test case 3.x/Test Job B - Test case 3b #145 main build action completed: SUCCESS
2019-06-06 10:39:40.571+0000 [id=10728]	INFO	hudson.model.Run#execute: Test case 3.x/Test Job A - Test case 3b #145 main build action completed: SUCCESS
2019-06-06 10:41:29.232+0000 [id=10836]	INFO	hudson.model.Run#execute: Test case 3.x/Trigger #149 main build action completed: SUCCESS
2019-06-06 10:42:00.692+0000 [id=10856]	INFO	hudson.model.Run#execute: Test case 3.x/Test Job B - Test case 3b #146 main build action completed: SUCCESS
2019-06-06 10:42:40.772+0000 [id=10866]	INFO	hudson.model.Run#execute: Test case 3.x/Test Job A - Test case 3b #146 main build action completed: SUCCESS
2019-06-06 10:44:29.224+0000 [id=10974]	INFO	hudson.model.Run#execute: Test case 3.x/Trigger #150 main build action completed: SUCCESS
2019-06-06 10:45:00.505+0000 [id=10994]	INFO	hudson.model.Run#execute: Test case 3.x/Test Job B - Test case 3b #147 main build action completed: SUCCESS
2019-06-06 10:45:40.854+0000 [id=11004]	INFO	hudson.model.Run#execute: Test case 3.x/Test Job A - Test case 3b #147 main build action completed: SUCCESS
2019-06-06 10:47:29.223+0000 [id=11132]	INFO	hudson.model.Run#execute: Test case 3.x/Trigger #151 main build action completed: SUCCESS
2019-06-06 10:48:00.539+0000 [id=11142]	INFO	hudson.model.Run#execute: Test case 3.x/Test Job B - Test case 3b #148 main build action completed: SUCCESS
2019-06-06 10:48:40.965+0000 [id=11112]	INFO	hudson.model.Run#execute: Test case 3.x/Test Job A - Test case 3b #148 main build action completed: SUCCESS
2019-06-06 10:50:29.229+0000 [id=11270]	INFO	hudson.model.Run#execute: Test case 3.x/Trigger #152 main build action completed: SUCCESS
2019-06-06 10:51:00.849+0000 [id=11250]	INFO	hudson.model.Run#execute: Test case 3.x/Test Job B - Test case 3b #149 main build action completed: SUCCESS
2019-06-06 10:51:40.700+0000 [id=11280]	INFO	hudson.model.Run#execute: Test case 3.x/Test Job A - Test case 3b #149 main build action completed: SUCCESS
2019-06-06 10:53:29.230+0000 [id=11408]	INFO	hudson.model.Run#execute: Test case 3.x/Trigger #153 main build action completed: SUCCESS
2019-06-06 10:54:00.800+0000 [id=11418]	INFO	hudson.model.Run#execute: Test case 3.x/Test Job B - Test case 3b #150 main build action completed: SUCCESS
2019-06-06 10:54:40.682+0000 [id=11388]	INFO	hudson.model.Run#execute: Test case 3.x/Test Job A - Test case 3b #150 main build action completed: SUCCESS
2019-06-06 10:56:29.230+0000 [id=11526]	INFO	hudson.model.Run#execute: Test case 3.x/Trigger #154 main build action completed: SUCCESS
2019-06-06 10:57:00.814+0000 [id=11546]	INFO	hudson.model.Run#execute: Test case 3.x/Test Job B - Test case 3b #151 main build action completed: SUCCESS
2019-06-06 10:57:40.734+0000 [id=11556]	INFO	hudson.model.Run#execute: Test case 3.x/Test Job A - Test case 3b #151 main build action completed: SUCCESS
2019-06-06 10:59:29.231+0000 [id=11664]	INFO	hudson.model.Run#execute: Test case 3.x/Trigger #155 main build action completed: SUCCESS
2019-06-06 11:00:00.723+0000 [id=11694]	INFO	hudson.model.Run#execute: Test case 3.x/Test Job B - Test case 3b #152 main build action completed: SUCCESS
2019-06-06 11:00:40.722+0000 [id=11684]	INFO	hudson.model.Run#execute: Test case 3.x/Test Job A - Test case 3b #152 main build action completed: SUCCESS
2019-06-06 11:02:29.231+0000 [id=11822]	INFO	hudson.model.Run#execute: Test case 3.x/Trigger #156 main build action completed: SUCCESS
2019-06-06 11:03:00.864+0000 [id=11802]	INFO	hudson.model.Run#execute: Test case 3.x/Test Job B - Test case 3b #153 main build action completed: SUCCESS
2019-06-06 11:03:40.915+0000 [id=11832]	INFO	hudson.model.Run#execute: Test case 3.x/Test Job A - Test case 3b #153 main build action completed: SUCCESS
2019-06-06 11:05:29.225+0000 [id=11940]	INFO	hudson.model.Run#execute: Test case 3.x/Trigger #157 main build action completed: SUCCESS
2019-06-06 11:06:00.939+0000 [id=11960]	INFO	hudson.model.Run#execute: Test case 3.x/Test Job B - Test case 3b #154 main build action completed: SUCCESS
2019-06-06 11:06:40.712+0000 [id=11970]	INFO	hudson.model.Run#execute: Test case 3.x/Test Job A - Test case 3b #154 main build action completed: SUCCESS
2019-06-06 11:08:29.230+0000 [id=12078]	INFO	hudson.model.Run#execute: Test case 3.x/Trigger #158 main build action completed: SUCCESS
2019-06-06 11:09:00.590+0000 [id=12098]	INFO	hudson.model.Run#execute: Test case 3.x/Test Job B - Test case 3b #155 main build action completed: SUCCESS
2019-06-06 11:09:41.057+0000 [id=12108]	INFO	hudson.model.Run#execute: Test case 3.x/Test Job A - Test case 3b #155 main build action completed: SUCCESS
2019-06-06 11:11:29.231+0000 [id=12236]	INFO	hudson.model.Run#execute: Test case 3.x/Trigger #159 main build action completed: SUCCESS
2019-06-06 11:12:00.884+0000 [id=12246]	INFO	hudson.model.Run#execute: Test case 3.x/Test Job B - Test case 3b #156 main build action completed: SUCCESS
2019-06-06 11:12:40.850+0000 [id=12216]	INFO	hudson.model.Run#execute: Test case 3.x/Test Job A - Test case 3b #156 main build action completed: SUCCESS
2019-06-06 11:14:29.241+0000 [id=12374]	INFO	hudson.model.Run#execute: Test case 3.x/Trigger #160 main build action completed: SUCCESS
2019-06-06 11:15:00.822+0000 [id=12384]	INFO	hudson.model.Run#execute: Test case 3.x/Test Job B - Test case 3b #157 main build action completed: SUCCESS
2019-06-06 11:15:40.826+0000 [id=12354]	INFO	hudson.model.Run#execute: Test case 3.x/Test Job A - Test case 3b #157 main build action completed: SUCCESS
2019-06-06 11:17:29.229+0000 [id=12492]	INFO	hudson.model.Run#execute: Test case 3.x/Trigger #161 main build action completed: SUCCESS
2019-06-06 11:18:00.731+0000 [id=12512]	INFO	hudson.model.Run#execute: Test case 3.x/Test Job B - Test case 3b #158 main build action completed: SUCCESS
2019-06-06 11:18:40.980+0000 [id=12522]	INFO	hudson.model.Run#execute: Test case 3.x/Test Job A - Test case 3b #158 main build action completed: SUCCESS
2019-06-06 11:20:29.231+0000 [id=12650]	INFO	hudson.model.Run#execute: Test case 3.x/Trigger #162 main build action completed: SUCCESS
2019-06-06 11:21:01.021+0000 [id=12630]	INFO	hudson.model.Run#execute: Test case 3.x/Test Job B - Test case 3b #159 main build action completed: SUCCESS
2019-06-06 11:21:40.694+0000 [id=12660]	INFO	hudson.model.Run#execute: Test case 3.x/Test Job A - Test case 3b #159 main build action completed: SUCCESS
2019-06-06 11:22:04.230+0000 [id=12790]	INFO	hudson.model.AsyncPeriodicWork$1#run: Started Fingerprint cleanup
2019-06-06 11:22:04.250+0000 [id=12790]	INFO	hudson.model.AsyncPeriodicWork$1#run: Finished Fingerprint cleanup. 19 ms
