[oz@oz-ThinkPad-T540p:/opt/workspace/jenkins-test/jenkins-git-pugin-test_2]
$ ssh-keygen -t rsa
Generating public/private rsa key pair.
Enter file in which to save the key (/home/oz/.ssh/id_rsa): /tmp/jenkins_rsa
Enter passphrase (empty for no passphrase):
Enter same passphrase again:
Your identification has been saved in /tmp/jenkins_rsa.
Your public key has been saved in /tmp/jenkins_rsa.pub.
The key fingerprint is:
SHA256:899bbBTwq3HV6s9/17hUjpn3L1e5Lq/KrtxLjd1ZVEQ oz@oz-ThinkPad-T540p
The key's randomart image is:
+---[RSA 2048]----+
|             . oE|
|              o o|
|               o+|
|               o+|
|        S    ..o=|
|         o  +.=X+|
|          .o +*+X|
|        . +. +oB*|
|         oo*+.OB@|
+----[SHA256]-----+
